<?xml version="1.0" encoding="UTF-8"?>
<!-- Generated by org.testng.reporters.JUnitXMLReporter -->
<testsuite ignored="0" hostname="Chetan" failures="1" tests="8" name="Test" time="0.107" errors="0" timestamp="2022-06-07T21:42:40 IST">
  <testcase classname="test.Test1" name="credentials" time="0.006"/>
  <testcase classname="test.Test1" name="msg" time="0.001"/>
  <testcase classname="test.Test1" name="parameterTesting" time="0.006">
    <failure type="java.lang.AssertionError" message="expected [true] but found [false]">
      <![CDATA[java.lang.AssertionError: expected [true] but found [false]
at test.Test1.parameterTesting(Test1.java:37)
at java.base/java.util.ArrayList.forEach(ArrayList.java:1511)
at java.base/java.util.concurrent.FutureTask.run(FutureTask.java:264)
at java.base/java.util.concurrent.ThreadPoolExecutor.runWorker(ThreadPoolExecutor.java:1136)
at java.base/java.util.concurrent.ThreadPoolExecutor$Worker.run(ThreadPoolExecutor.java:635)
at java.base/java.lang.Thread.run(Thread.java:833)
... Removed 22 stack frames]]>
    </failure>
  </testcase> <!-- parameterTesting -->
  <testcase classname="test.Test2" name="model" time="0.002"/>
  <testcase classname="test.Test2" name="model" time="0.002"/>
  <testcase classname="test.Test2" name="model" time="0.003"/>
  <testcase classname="test.Test2" name="price" time="0.002"/>
  <testcase classname="test.Test1" name="abc" time="0.002"/>
</testsuite> <!-- Test -->
